#1 [internal] load build definition from Dockerfile
#1 transferring dockerfile: 32B done
#1 DONE 0.0s

#2 [internal] load .dockerignore
#2 transferring context: 2B done
#2 DONE 0.0s

#3 [internal] load metadata for docker.io/rocker/rstudio:4.3
#3 DONE 0.8s

#4 [ 1/35] FROM docker.io/rocker/rstudio:4.3@sha256:6b89ae326c94e49b9a6ac79e11d8236f5e542f2e48709c5b8894d1ed716958bd
#4 DONE 0.0s

#5 [internal] load build context
#5 transferring context: 536.83MB 2.3s done
#5 DONE 2.4s

#6 [ 2/35] WORKDIR /app
#6 CACHED

#7 [ 3/35] RUN apt-get update && apt-get install -y     libpq-dev     cmake     libz-dev     libpng-dev
#7 CACHED

#8 [ 4/35] RUN Rscript -e "install.packages('remotes', repos = c(CRAN = 'https://cloud.r-project.org'))"
#8 CACHED

#9 [ 5/35] RUN Rscript -e "remotes::install_github('rstudio/renv')"
#9 CACHED

#10 [ 6/35] COPY renv.lock renv.lock
#10 CACHED

#11 [ 7/35] COPY . /app
#11 DONE 3.0s

#12 [ 8/35] RUN echo 'setwd("/app")' >> /home/rstudio/.Rprofile
#12 DONE 0.1s

#13 [ 9/35] RUN Rscript -e 'renv::restore()'
#13 0.262 # Bootstrapping renv 1.0.3 ---------------------------------------------------
#13 0.262 - Downloading renv ... OK
#13 2.824 - Installing renv  ... OK
#13 3.081 
#13 3.437 - One or more packages recorded in the lockfile are not installed.
#13 3.437 - Use `renv::status()` for more details.
#13 3.599 The following package(s) will be updated:
#13 3.599 
#13 3.599 # CRAN -----------------------------------------------------------------------
#13 3.599 - lattice        [0.21-9 -> 0.21-8]
#13 3.599 - Matrix         [1.6-1.1 -> 1.6-4]
#13 3.599 - mgcv           [1.9-0 -> 1.8-42]
#13 3.599 - nlme           [3.1-163 -> 3.1-162]
#13 3.599 - survival       [3.5-7 -> 3.5-5]
#13 3.599 - arrow          [* -> 13.0.0.1]
#13 3.599 - assertthat     [* -> 0.2.1]
#13 3.599 - bit            [* -> 4.0.5]
#13 3.599 - bit64          [* -> 4.0.5]
#13 3.599 - cli            [* -> 3.6.1]
#13 3.599 - clipr          [* -> 0.8.0]
#13 3.599 - colorspace     [* -> 2.1-0]
#13 3.599 - common         [* -> 1.0.9]
#13 3.599 - cpp11          [* -> 0.4.6]
#13 3.599 - crayon         [* -> 1.5.2]
#13 3.599 - data.table     [* -> 1.14.8]
#13 3.599 - datetime       [* -> 0.1.4]
#13 3.599 - dplyr          [* -> 1.1.3]
#13 3.599 - fansi          [* -> 1.0.4]
#13 3.599 - farver         [* -> 2.1.1]
#13 3.599 - generics       [* -> 0.1.3]
#13 3.599 - ggplot2        [* -> 3.4.3]
#13 3.599 - glue           [* -> 1.6.2]
#13 3.599 - gtable         [* -> 0.3.4]
#13 3.599 - hms            [* -> 1.1.3]
#13 3.599 - isoband        [* -> 0.2.7]
#13 3.599 - jsonlite       [* -> 1.8.7]
#13 3.599 - labeling       [* -> 0.4.3]
#13 3.599 - lifecycle      [* -> 1.0.3]
#13 3.599 - log4r          [* -> 0.4.3]
#13 3.599 - logr           [* -> 1.3.4]
#13 3.599 - lubridate      [* -> 1.9.2]
#13 3.599 - magrittr       [* -> 2.0.3]
#13 3.599 - munsell        [* -> 0.5.0]
#13 3.599 - ndjson         [* -> 0.9.0]
#13 3.599 - pillar         [* -> 1.9.0]
#13 3.599 - pkgconfig      [* -> 2.0.3]
#13 3.599 - plyr           [* -> 1.8.8]
#13 3.599 - prettyunits    [* -> 1.2.0]
#13 3.599 - progress       [* -> 1.2.2]
#13 3.599 - purrr          [* -> 1.0.2]
#13 3.599 - R6             [* -> 2.5.1]
#13 3.599 - RColorBrewer   [* -> 1.1-3]
#13 3.599 - Rcpp           [* -> 1.0.11]
#13 3.599 - readr          [* -> 2.1.4]
#13 3.599 - rlang          [* -> 1.1.1]
#13 3.599 - scales         [* -> 1.2.1]
#13 3.599 - stringi        [* -> 1.7.12]
#13 3.599 - stringr        [* -> 1.5.0]
#13 3.599 - tibble         [* -> 3.2.1]
#13 3.599 - tidyr          [* -> 1.3.0]
#13 3.599 - tidyselect     [* -> 1.2.0]
#13 3.599 - timechange     [* -> 0.2.0]
#13 3.599 - tzdb           [* -> 0.4.0]
#13 3.599 - utf8           [* -> 1.2.3]
#13 3.599 - vctrs          [* -> 0.6.3]
#13 3.599 - viridisLite    [* -> 0.4.2]
#13 3.599 - vroom          [* -> 1.6.3]
#13 3.599 - withr          [* -> 2.5.0]
#13 3.599 
#13 3.599 # RSPM -----------------------------------------------------------------------
#13 3.599 - abind          [* -> 1.4-5]
#13 3.599 - askpass        [* -> 1.2.0]
#13 3.599 - backports      [* -> 1.4.1]
#13 3.599 - brio           [* -> 1.1.4]
#13 3.599 - broom          [* -> 1.0.5]
#13 3.599 - callr          [* -> 3.7.3]
#13 3.599 - car            [* -> 3.1-2]
#13 3.599 - carData        [* -> 3.0-5]
#13 3.599 - corrplot       [* -> 0.92]
#13 3.599 - cowplot        [* -> 1.1.1]
#13 3.599 - curl           [* -> 5.2.0]
#13 3.599 - DBI            [* -> 1.1.3]
#13 3.599 - desc           [* -> 1.4.3]
#13 3.599 - diffobj        [* -> 0.3.5]
#13 3.599 - digest         [* -> 0.6.33]
#13 3.599 - ellipsis       [* -> 0.3.2]
#13 3.599 - evaluate       [* -> 0.23]
#13 3.599 - fs             [* -> 1.6.3]
#13 3.599 - ggpubr         [* -> 0.6.0]
#13 3.599 - ggrepel        [* -> 0.9.4]
#13 3.599 - ggsci          [* -> 3.0.0]
#13 3.599 - ggsignif       [* -> 0.6.4]
#13 3.599 - gridExtra      [* -> 2.3]
#13 3.599 - here           [* -> 1.0.1]
#13 3.599 - httr           [* -> 1.4.7]
#13 3.599 - lme4           [* -> 1.1-35.1]
#13 3.599 - MatrixModels   [* -> 0.5-3]
#13 3.599 - mime           [* -> 0.12]
#13 3.599 - minqa          [* -> 1.2.6]
#13 3.599 - nloptr         [* -> 2.0.3]
#13 3.599 - numDeriv       [* -> 2016.8-1.1]
#13 3.599 - openssl        [* -> 2.1.1]
#13 3.599 - patchwork      [* -> 1.1.3]
#13 3.599 - pbkrtest       [* -> 0.5.2]
#13 3.599 - pkgbuild       [* -> 1.4.3]
#13 3.599 - pkgload        [* -> 1.3.3]
#13 3.599 - png            [* -> 0.1-8]
#13 3.599 - polynom        [* -> 1.4-1]
#13 3.599 - praise         [* -> 1.0.0]
#13 3.599 - processx       [* -> 3.8.3]
#13 3.599 - ps             [* -> 1.7.5]
#13 3.599 - quantreg       [* -> 5.97]
#13 3.599 - rappdirs       [* -> 0.3.3]
#13 3.599 - RcppEigen      [* -> 0.3.3.9.4]
#13 3.599 - RcppTOML       [* -> 0.2.2]
#13 3.599 - rematch2       [* -> 2.1.2]
#13 3.599 - reticulate     [* -> 1.34.0]
#13 3.599 - RPostgreSQL    [* -> 0.7-5]
#13 3.599 - rprojroot      [* -> 2.0.4]
#13 3.599 - rstatix        [* -> 0.7.2]
#13 3.599 - SparseM        [* -> 1.81]
#13 3.599 - sys            [* -> 3.4.2]
#13 3.599 - testthat       [* -> 3.2.1]
#13 3.599 - triebeard      [* -> 0.4.1]
#13 3.599 - urltools       [* -> 1.7.3]
#13 3.599 - waldo          [* -> 0.5.2]
#13 3.599 - xtable         [* -> 1.8-4]
#13 3.599 
#13 3.613 # Downloading packages -------------------------------------------------------
#13 3.641 - Querying repositories for available source packages ... Done!
#13 5.054 - Downloading Matrix from CRAN ...              OK [2.7 Mb in 0.23s]
#13 5.409 - Downloading lattice from CRAN ...             OK [575.5 Kb in 0.32s]
#13 5.773 - Downloading mgcv from CRAN ...                OK [1 Mb in 0.46s]
#13 6.325 - Downloading nlme from CRAN ...                OK [828.7 Kb in 0.54s]
#13 6.916 - Downloading survival from CRAN ...            OK [6 Mb in 0.51s]
#13 7.558 - Downloading DBI from RSPM ...                 OK [713.1 Kb in 0.47s]
#13 8.063 - Downloading MatrixModels from RSPM ...        OK [24.2 Kb in 0.17s]
#13 8.255 - Downloading R6 from CRAN ...                  OK [61.9 Kb in 0.18s]
#13 8.456 - Downloading RColorBrewer from CRAN ...        OK [11.4 Kb in 0.28s]
#13 8.766 - Downloading RPostgreSQL from RSPM ...         OK [563 Kb in 0.41s]
#13 9.220 - Downloading Rcpp from CRAN ...                OK [2.9 Mb in 0.56s]
#13 9.871 - Downloading RcppEigen from RSPM ...           OK [1.4 Mb in 0.23s]
#13 10.17 - Downloading RcppTOML from RSPM ...            OK [137.9 Kb in 0.41s]
#13 10.60 - Downloading SparseM from RSPM ...             OK [717.9 Kb in 0.21s]
#13 10.85 - Downloading abind from RSPM ...               OK [21.3 Kb in 0.28s]
#13 11.17 - Downloading arrow from CRAN ...               OK [4 Mb in 0.56s]
#13 11.92 - Downloading assertthat from CRAN ...          OK [12.4 Kb in 0.28s]
#13 12.25 - Downloading bit64 from CRAN ...               OK [131.9 Kb in 0.29s]
#13 12.61 - Downloading bit from CRAN ...                 OK [808.3 Kb in 0.44s]
#13 13.12 - Downloading glue from CRAN ...                OK [104 Kb in 0.52s]
#13 13.68 - Downloading purrr from CRAN ...               OK [215.7 Kb in 0.2s]
#13 13.97 - Downloading cli from CRAN ...                 OK [554 Kb in 0.52s]
#13 14.59 - Downloading lifecycle from CRAN ...           OK [104.3 Kb in 0.61s]
#13 15.32 - Downloading rlang from CRAN ...               OK [744.7 Kb in 0.32s]
#13 15.72 - Downloading magrittr from CRAN ...            OK [260.8 Kb in 0.21s]
#13 16.02 - Downloading vctrs from CRAN ...               OK [944.7 Kb in 0.47s]
#13 16.57 - Downloading tidyselect from CRAN ...          OK [99.1 Kb in 0.19s]
#13 16.86 - Downloading withr from CRAN ...               OK [99.7 Kb in 0.51s]
#13 17.43 - Downloading cpp11 from CRAN ...               OK [293.8 Kb in 0.51s]
#13 17.97 - Downloading askpass from RSPM ...             OK [5.9 Kb in 0.27s]
#13 18.28 - Downloading sys from RSPM ...                 OK [19.7 Kb in 0.27s]
#13 18.57 - Downloading backports from RSPM ...           OK [25.6 Kb in 0.31s]
#13 18.90 - Downloading brio from RSPM ...                OK [12.8 Kb in 0.41s]
#13 19.33 - Downloading broom from RSPM ...               OK [626.8 Kb in 0.33s]
#13 19.73 - Downloading dplyr from CRAN ...               OK [1 Mb in 0.46s]
#13 20.27 - Downloading generics from CRAN ...            OK [168.2 Kb in 0.19s]
#13 20.53 - Downloading pillar from CRAN ...              OK [434.1 Kb in 0.23s]
#13 20.89 - Downloading fansi from CRAN ...               OK [470.8 Kb in 0.5s]
#13 21.51 - Downloading utf8 from CRAN ...                OK [235.8 Kb in 0.42s]
#13 21.99 - Downloading tibble from CRAN ...              OK [552.7 Kb in 0.32s]
#13 22.41 - Downloading pkgconfig from CRAN ...           OK [5.9 Kb in 0.18s]
#13 22.63 - Downloading ellipsis from RSPM ...            OK [7.9 Kb in 0.18s]
#13 22.86 - Downloading stringr from CRAN ...             OK [171.6 Kb in 0.32s]
#13 23.28 - Downloading stringi from CRAN ...             OK [7.3 Mb in 0.61s]
#13 24.23 - Downloading tidyr from CRAN ...               OK [804.2 Kb in 0.42s]
#13 24.70 - Downloading callr from RSPM ...               OK [95.5 Kb in 0.41s]
#13 25.15 - Downloading processx from RSPM ...            OK [159.8 Kb in 0.41s]
#13 25.65 - Downloading ps from RSPM ...                  OK [126.2 Kb in 0.29s]
#13 25.96 - Downloading car from RSPM ...                 OK [566.2 Kb in 0.36s]
#13 26.39 - Downloading pbkrtest from RSPM ...            OK [73.5 Kb in 0.3s]
#13 26.74 - Downloading numDeriv from RSPM ...            OK [74.3 Kb in 0.21s]
#13 27.00 - Downloading lme4 from RSPM ...                OK [2.8 Mb in 0.36s]
#13 27.48 - Downloading minqa from RSPM ...               OK [53.2 Kb in 0.21s]
#13 27.75 - Downloading nloptr from RSPM ...              OK [2.1 Mb in 0.22s]
#13 28.08 - Downloading testthat from RSPM ...            OK [722.4 Kb in 0.43s]
#13 28.62 - Downloading desc from RSPM ...                OK [78.2 Kb in 0.2s]
#13 29.00 - Downloading digest from RSPM ...              OK [173.6 Kb in 0.19s]
#13 29.28 - Downloading evaluate from RSPM ...            OK [27.7 Kb in 0.41s]
#13 29.83 - Downloading jsonlite from CRAN ...            OK [1 Mb in 0.21s]
#13 30.20 - Downloading pkgload from RSPM ...             OK [76.1 Kb in 0.29s]
#13 30.59 - Downloading crayon from CRAN ...              OK [39.6 Kb in 0.19s]
#13 30.89 - Downloading fs from RSPM ...                  OK [1.1 Mb in 0.42s]
#13 31.47 - Downloading pkgbuild from RSPM ...            OK [47.5 Kb in 0.29s]
#13 31.87 - Downloading rprojroot from RSPM ...           OK [58.5 Kb in 0.19s]
#13 32.16 - Downloading praise from RSPM ...              OK [6 Kb in 0.18s]
#13 32.43 - Downloading waldo from RSPM ...               OK [38.8 Kb in 0.17s]
#13 32.71 - Downloading diffobj from RSPM ...             OK [468 Kb in 0.43s]
#13 33.26 - Downloading rematch2 from RSPM ...            OK [13.1 Kb in 0.3s]
#13 33.60 - Downloading quantreg from RSPM ...            OK [1002 Kb in 0.32s]
#13 34.00 - Downloading scales from CRAN ...              OK [264.3 Kb in 0.42s]
#13 34.49 - Downloading farver from CRAN ...              OK [1.2 Mb in 0.24s]
#13 34.80 - Downloading labeling from CRAN ...            OK [9.9 Kb in 0.18s]
#13 35.04 - Downloading munsell from CRAN ...             OK [178.4 Kb in 0.34s]
#13 35.45 - Downloading colorspace from CRAN ...          OK [2 Mb in 0.24s]
#13 35.79 - Downloading viridisLite from CRAN ...         OK [1.2 Mb in 0.35s]
#13 36.18 - Downloading carData from RSPM ...             OK [980.7 Kb in 0.25s]
#13 36.47 - Downloading clipr from CRAN ...               OK [21.4 Kb in 0.17s]
#13 36.66 - Downloading common from CRAN ...              OK [418.9 Kb in 0.32s]
#13 37.01 - Downloading corrplot from RSPM ...            OK [3.6 Mb in 0.35s]
#13 37.46 - Downloading cowplot from RSPM ...             OK [1.3 Mb in 0.32s]
#13 37.87 - Downloading ggplot2 from CRAN ...             OK [2.1 Mb in 0.33s]
#13 38.33 - Downloading gtable from CRAN ...              OK [127.1 Kb in 0.33s]
#13 38.73 - Downloading isoband from CRAN ...             OK [1.5 Mb in 0.38s]
#13 39.16 - Downloading curl from RSPM ...                OK [699.1 Kb in 0.22s]
#13 39.43 - Downloading data.table from CRAN ...          OK [5.1 Mb in 0.5s]
#13 40.10 - Downloading datetime from CRAN ...            OK [9.1 Kb in 0.27s]
#13 40.39 - Downloading ggpubr from RSPM ...              OK [1.9 Mb in 0.45s]
#13 40.92 - Downloading ggrepel from RSPM ...             OK [146.5 Kb in 0.3s]
#13 41.26 - Downloading ggsci from RSPM ...               OK [2.2 Mb in 0.23s]
#13 41.57 - Downloading ggsignif from RSPM ...            OK [573.6 Kb in 0.24s]
#13 41.86 - Downloading gridExtra from RSPM ...           OK [1 Mb in 0.41s]
#13 42.32 - Downloading polynom from RSPM ...             OK [327 Kb in 0.24s]
#13 42.62 - Downloading rstatix from RSPM ...             OK [395.8 Kb in 0.31s]
#13 42.96 - Downloading here from RSPM ...                OK [32.2 Kb in 0.31s]
#13 43.30 - Downloading hms from CRAN ...                 OK [42.4 Kb in 0.18s]
#13 43.50 - Downloading httr from RSPM ...                OK [115.7 Kb in 0.32s]
#13 43.87 - Downloading mime from RSPM ...                OK [12.3 Kb in 0.2s]
#13 44.10 - Downloading openssl from RSPM ...             OK [1.2 Mb in 0.34s]
#13 44.49 - Downloading log4r from CRAN ...               OK [44 Kb in 0.18s]
#13 44.71 - Downloading logr from CRAN ...                OK [787.1 Kb in 0.33s]
#13 45.08 - Downloading lubridate from CRAN ...           OK [417.2 Kb in 0.31s]
#13 45.46 - Downloading timechange from CRAN ...          OK [100.4 Kb in 0.29s]
#13 45.77 - Downloading ndjson from CRAN ...              OK [140.8 Kb in 0.29s]
#13 46.10 - Downloading patchwork from RSPM ...           OK [3.1 Mb in 0.35s]
#13 46.54 - Downloading plyr from CRAN ...                OK [392 Kb in 0.41s]
#13 46.97 - Downloading png from RSPM ...                 OK [24.3 Kb in 0.27s]
#13 47.27 - Downloading prettyunits from CRAN ...         OK [95.2 Kb in 0.29s]
#13 47.59 - Downloading progress from CRAN ...            OK [28.8 Kb in 0.28s]
#13 47.90 - Downloading rappdirs from RSPM ...            OK [12 Kb in 0.17s]
#13 48.10 - Downloading readr from CRAN ...               OK [291.1 Kb in 0.3s]
#13 48.47 - Downloading vroom from CRAN ...               OK [702 Kb in 0.23s]
#13 48.78 - Downloading tzdb from CRAN ...                OK [572.6 Kb in 0.31s]
#13 49.14 - Downloading reticulate from RSPM ...          OK [1.5 Mb in 0.44s]
#13 49.63 - Downloading triebeard from RSPM ...           OK [30.7 Kb in 0.28s]
#13 49.94 - Downloading urltools from RSPM ...            OK [132.6 Kb in 0.29s]
#13 50.25 - Downloading xtable from RSPM ...              OK [551.4 Kb in 0.33s]
#13 50.60 Successfully downloaded 116 packages in 47 seconds.
#13 50.60 
#13 50.60 # Installing packages --------------------------------------------------------
#13 50.62 - Installing lattice ...                        OK [built from source and cached in 7.8s]
#13 58.46 - Installing Matrix ...                         OK [built from source and cached in 1.5m]
#13 146.3 - Installing nlme ...                           OK [built from source and cached in 13s]
#13 159.4 - Installing mgcv ...                           OK [built from source and cached in 40s]
#13 199.8 - Installing survival ...                       OK [built from source and cached in 26s]
#13 226.3 - Installing DBI ...                            OK [built from source and cached in 3.2s]
#13 229.5 - Installing MatrixModels ...                   OK [built from source and cached in 13s]
#13 242.6 - Installing R6 ...                             OK [built from source and cached in 1.1s]
#13 243.8 - Installing RColorBrewer ...                   OK [built from source and cached in 1.3s]
#13 245.1 - Installing RPostgreSQL ...                    OK [built from source and cached in 4.0s]
#13 249.1 - Installing Rcpp ...                           OK [built from source and cached in 21s]
#13 270.2 - Installing RcppEigen ...                      OK [built from source and cached in 30s]
#13 299.9 - Installing RcppTOML ...                       OK [built from source and cached in 8.7s]
#13 308.6 - Installing SparseM ...                        OK [built from source and cached in 5.0s]
#13 313.6 - Installing abind ...                          OK [built from source and cached in 1.2s]
#13 314.8 - Installing assertthat ...                     OK [built from source and cached in 1.1s]
#13 315.9 - Installing bit ...                            OK [built from source and cached in 4.9s]
#13 320.8 - Installing bit64 ...                          OK [built from source and cached in 5.3s]
#13 326.1 - Installing glue ...                           OK [built from source and cached in 1.5s]
#13 327.6 - Installing cli ...                            OK [built from source and cached in 7.4s]
#13 335.1 - Installing rlang ...                          OK [built from source and cached in 9.8s]
#13 344.9 - Installing lifecycle ...                      OK [built from source and cached in 1.7s]
#13 346.5 - Installing magrittr ...                       OK [built from source and cached in 1.4s]
#13 348.0 - Installing vctrs ...                          OK [built from source and cached in 16s]
#13 363.8 - Installing purrr ...                          OK [built from source and cached in 3.5s]
#13 367.3 - Installing withr ...                          OK [built from source and cached in 1.4s]
#13 368.8 - Installing tidyselect ...                     OK [built from source and cached in 1.9s]
#13 370.7 - Installing cpp11 ...                          OK [built from source and cached in 1.1s]
#13 371.9 - Installing arrow ...                          OK [built from source and cached in 3.2m]
#13 566.7 - Installing sys ...                            OK [built from source and cached in 1.3s]
#13 568.0 - Installing askpass ...                        OK [built from source and cached in 1.0s]
#13 569.0 - Installing backports ...                      OK [built from source and cached in 1.4s]
#13 570.4 - Installing brio ...                           OK [built from source and cached in 1.3s]
#13 571.7 - Installing generics ...                       OK [built from source and cached in 1.2s]
#13 572.9 - Installing fansi ...                          OK [built from source and cached in 3.3s]
#13 576.2 - Installing utf8 ...                           OK [built from source and cached in 2.8s]
#13 579.1 - Installing pillar ...                         OK [built from source and cached in 3.4s]
#13 582.5 - Installing pkgconfig ...                      OK [built from source and cached in 0.88s]
#13 583.4 - Installing tibble ...                         OK [built from source and cached in 3.4s]
#13 586.9 - Installing dplyr ...                          OK [built from source and cached in 9.5s]
#13 596.3 - Installing ellipsis ...                       OK [built from source and cached in 1.4s]
#13 597.9 - Installing stringi ...                        OK [built from source and cached in 4.0m]
#13 835.2 - Installing stringr ...                        OK [built from source and cached in 2.2s]
#13 837.5 - Installing tidyr ...                          OK [built from source and cached in 6.9s]
#13 844.4 - Installing broom ...                          OK [built from source and cached in 6.6s]
#13 851.1 - Installing ps ...                             OK [built from source and cached in 3.7s]
#13 854.7 - Installing processx ...                       OK [built from source and cached in 4.1s]
#13 858.8 - Installing callr ...                          OK [built from source and cached in 3.5s]
#13 862.3 - Installing numDeriv ...                       OK [built from source and cached in 1.0s]
#13 863.3 - Installing minqa ...                          OK [built from source and cached in 7.1s]
#13 870.5 - Installing desc ...                           OK [built from source and cached in 2.2s]
#13 872.7 - Installing digest ...                         OK [built from source and cached in 4.1s]
#13 876.8 - Installing evaluate ...                       OK [built from source and cached in 1.2s]
#13 878.0 - Installing jsonlite ...                       OK [built from source and cached in 3.2s]
#13 881.3 - Installing crayon ...                         OK [built from source and cached in 1.6s]
#13 882.9 - Installing fs ...                             OK [built from source and cached in 17s]
#13 899.8 - Installing pkgbuild ...                       OK [built from source and cached in 1.9s]
#13 901.7 - Installing rprojroot ...                      OK [built from source and cached in 1.2s]
#13 902.9 - Installing pkgload ...                        OK [built from source and cached in 2.4s]
#13 905.4 - Installing praise ...                         OK [built from source and cached in 0.85s]
#13 906.3 - Installing diffobj ...                        OK [built from source and cached in 6.9s]
#13 913.2 - Installing rematch2 ...                       OK [built from source and cached in 1.9s]
#13 915.1 - Installing waldo ...                          OK [built from source and cached in 2.0s]
#13 917.1 - Installing testthat ...                       OK [built from source and cached in 21s]
#13 938.5 - Installing nloptr ...                         OK [built from source and cached in 26s]
#13 964.4 - Installing lme4 ...                           OK [built from source and cached in 50s]
#13 1014.6 - Installing pbkrtest ...                       OK [built from source and cached in 6.3s]
#13 1020.9 - Installing quantreg ...                       OK [built from source and cached in 12s]
#13 1032.7 - Installing farver ...                         OK [built from source and cached in 15s]
#13 1048.2 - Installing labeling ...                       OK [built from source and cached in 1.3s]
#13 1049.5 - Installing colorspace ...                     